16:00:54.566 [main] INFO  testCases.TC_001_AccountRegistrationTest - clicked on Registration Link
16:00:54.574 [main] INFO  testCases.TC_001_AccountRegistrationTest - Entering customer details
16:00:55.043 [main] INFO  testCases.TC_001_AccountRegistrationTest - clicked on continue
16:00:55.474 [main] INFO  testCases.TC_001_AccountRegistrationTest - validating expected message
16:00:55.477 [main] INFO  testCases.TC_001_AccountRegistrationTest - ***finished TC_001_AccountRegistrationTest
16:00:57.123 [main] INFO  testCases.TC_002_LoginTest - ***Starting TC_002_LoginTest***
16:00:57.123 [main] DEBUG testCases.TC_002_LoginTest - capturing debug logs....
16:00:57.199 [main] INFO  testCases.TC_002_LoginTest - clicked on myaccount link
16:00:57.518 [main] INFO  testCases.TC_002_LoginTest - clicked on login link under myaccount...
16:00:57.520 [main] INFO  testCases.TC_002_LoginTest - clicked on login button
16:00:58.059 [main] INFO  testCases.TC_002_LoginTest - ***Finished TC002 LOGIN TEST***
16:21:32.238 [main] DEBUG testCases.TC_001_AccountRegistrationTest - application started
16:21:32.241 [main] INFO  testCases.TC_001_AccountRegistrationTest - starting test
16:21:32.341 [main] INFO  testCases.TC_001_AccountRegistrationTest - clicked on My Account link
16:21:32.687 [main] INFO  testCases.TC_001_AccountRegistrationTest - clicked on Registration Link
16:21:32.687 [main] INFO  testCases.TC_001_AccountRegistrationTest - Entering customer details
16:21:33.167 [main] INFO  testCases.TC_001_AccountRegistrationTest - clicked on continue
16:21:33.641 [main] INFO  testCases.TC_001_AccountRegistrationTest - validating expected message
16:21:33.644 [main] INFO  testCases.TC_001_AccountRegistrationTest - ***finished TC_001_AccountRegistrationTest
16:21:35.113 [main] INFO  testCases.TC_002_LoginTest - ***Starting TC_002_LoginTest***
16:21:35.113 [main] DEBUG testCases.TC_002_LoginTest - capturing debug logs....
16:21:35.180 [main] INFO  testCases.TC_002_LoginTest - clicked on myaccount link
16:21:35.485 [main] INFO  testCases.TC_002_LoginTest - clicked on login link under myaccount...
16:21:35.486 [main] INFO  testCases.TC_002_LoginTest - clicked on login button
16:21:36.005 [main] INFO  testCases.TC_002_LoginTest - ***Finished TC002 LOGIN TEST***
